C:\Program Files\Microsoft Visual Studio\2022\Community\MSBuild\Microsoft\VC\v170\Microsoft.CppBuild.targets(514,5): warning MSB8028: The intermediate directory (obj\x64\Debug\) contains files shared from another project (BadGL.vcxproj).  This can lead to incorrect clean and rebuild behavior.
  Camera.cpp
  CubeGen.cpp
  DepthBuffer.cpp
  Light.cpp
  main.cpp
  Mesh.cpp
  ofApp.cpp
  OutlineShader.cpp
  RainbowShader.cpp
  Info: Boost.Config is older than your compiler version - probably nothing bad will happen - but you may wish to look for an update Boost version.  Define BOOST_CONFIG_SUPPRESS_OUTDATED_MESSAGE to suppress this message.
  Info: Boost.Config is older than your compiler version - probably nothing bad will happen - but you may wish to look for an update Boost version.  Define BOOST_CONFIG_SUPPRESS_OUTDATED_MESSAGE to suppress this message.
  Info: Boost.Config is older than your compiler version - probably nothing bad will happen - but you may wish to look for an update Boost version.  Define BOOST_CONFIG_SUPPRESS_OUTDATED_MESSAGE to suppress this message.
  Info: Boost.Config is older than your compiler version - probably nothing bad will happen - but you may wish to look for an update Boost version.  Define BOOST_CONFIG_SUPPRESS_OUTDATED_MESSAGE to suppress this message.
  Info: Boost.Config is older than your compiler version - probably nothing bad will happen - but you may wish to look for an update Boost version.  Define BOOST_CONFIG_SUPPRESS_OUTDATED_MESSAGE to suppress this message.
  Info: Boost.Config is older than your compiler version - probably nothing bad will happen - but you may wish to look for an update Boost version.  Define BOOST_CONFIG_SUPPRESS_OUTDATED_MESSAGE to suppress this message.
  Info: Boost.Config is older than your compiler version - probably nothing bad will happen - but you may wish to look for an update Boost version.  Define BOOST_CONFIG_SUPPRESS_OUTDATED_MESSAGE to suppress this message.
  Renderer.cpp
  SimpleShader.cpp
C:\Users\lenovo\Desktop\of_v0.11.2_vs2017_release\libs\openFrameworks\math\ofMatrix4x4.h(326,1): warning C4267: 'argument': conversion from 'size_t' to 'int', possible loss of data (compiling source file src\main.cpp)
C:\Users\lenovo\Desktop\of_v0.11.2_vs2017_release\libs\openFrameworks\math\ofMatrix4x4.h(331,1): warning C4267: 'argument': conversion from 'size_t' to 'int', possible loss of data (compiling source file src\main.cpp)
C:\Users\lenovo\Desktop\of_v0.11.2_vs2017_release\libs\openFrameworks\math\ofMatrix4x4.h(912,12): warning C4267: 'argument': conversion from 'size_t' to 'int', possible loss of data (compiling source file src\main.cpp)
C:\Users\lenovo\Desktop\of_v0.11.2_vs2017_release\libs\openFrameworks\math\ofMatrix4x4.h(913,12): warning C4267: 'argument': conversion from 'size_t' to 'int', possible loss of data (compiling source file src\main.cpp)
C:\Users\lenovo\Desktop\of_v0.11.2_vs2017_release\libs\openFrameworks\math\ofMatrix4x4.h(914,12): warning C4267: 'argument': conversion from 'size_t' to 'int', possible loss of data (compiling source file src\main.cpp)
C:\Users\lenovo\Desktop\of_v0.11.2_vs2017_release\libs\openFrameworks\math\ofMatrix4x4.h(915,12): warning C4267: 'argument': conversion from 'size_t' to 'int', possible loss of data (compiling source file src\main.cpp)
C:\Users\lenovo\Desktop\of_v0.11.2_vs2017_release\libs\openFrameworks\math\ofMatrix4x4.h(326,1): warning C4267: 'argument': conversion from 'size_t' to 'int', possible loss of data (compiling source file src\ofApp.cpp)
C:\Users\lenovo\Desktop\of_v0.11.2_vs2017_release\libs\openFrameworks\math\ofMatrix4x4.h(331,1): warning C4267: 'argument': conversion from 'size_t' to 'int', possible loss of data (compiling source file src\ofApp.cpp)
C:\Users\lenovo\Desktop\of_v0.11.2_vs2017_release\libs\openFrameworks\math\ofMatrix4x4.h(912,12): warning C4267: 'argument': conversion from 'size_t' to 'int', possible loss of data (compiling source file src\ofApp.cpp)
C:\Users\lenovo\Desktop\of_v0.11.2_vs2017_release\libs\openFrameworks\math\ofMatrix4x4.h(913,12): warning C4267: 'argument': conversion from 'size_t' to 'int', possible loss of data (compiling source file src\ofApp.cpp)
C:\Users\lenovo\Desktop\of_v0.11.2_vs2017_release\libs\openFrameworks\math\ofMatrix4x4.h(914,12): warning C4267: 'argument': conversion from 'size_t' to 'int', possible loss of data (compiling source file src\ofApp.cpp)
C:\Users\lenovo\Desktop\of_v0.11.2_vs2017_release\libs\openFrameworks\math\ofMatrix4x4.h(915,12): warning C4267: 'argument': conversion from 'size_t' to 'int', possible loss of data (compiling source file src\ofApp.cpp)
  Info: Boost.Config is older than your compiler version - probably nothing bad will happen - but you may wish to look for an update Boost version.  Define BOOST_CONFIG_SUPPRESS_OUTDATED_MESSAGE to suppress this message.
  Info: Boost.Config is older than your compiler version - probably nothing bad will happen - but you may wish to look for an update Boost version.  Define BOOST_CONFIG_SUPPRESS_OUTDATED_MESSAGE to suppress this message.
  ofxAssimpAnimation.cpp
  ofxAssimpMeshHelper.cpp
  ofxAssimpModelLoader.cpp
  ofxAssimpTexture.cpp
  Info: Boost.Config is older than your compiler version - probably nothing bad will happen - but you may wish to look for an update Boost version.  Define BOOST_CONFIG_SUPPRESS_OUTDATED_MESSAGE to suppress this message.
  Info: Boost.Config is older than your compiler version - probably nothing bad will happen - but you may wish to look for an update Boost version.  Define BOOST_CONFIG_SUPPRESS_OUTDATED_MESSAGE to suppress this message.
C:\Users\lenovo\Desktop\of_v0.11.2_vs2017_release\libs\openFrameworks\math\ofMatrix4x4.h(326,1): warning C4267: 'argument': conversion from 'size_t' to 'int', possible loss of data (compiling source file ..\of_v0.11.2_vs2017_release\addons\ofxAssimpModelLoader\src\ofxAssimpModelLoader.cpp)
C:\Users\lenovo\Desktop\of_v0.11.2_vs2017_release\libs\openFrameworks\math\ofMatrix4x4.h(331,1): warning C4267: 'argument': conversion from 'size_t' to 'int', possible loss of data (compiling source file ..\of_v0.11.2_vs2017_release\addons\ofxAssimpModelLoader\src\ofxAssimpModelLoader.cpp)
C:\Users\lenovo\Desktop\of_v0.11.2_vs2017_release\libs\openFrameworks\math\ofMatrix4x4.h(912,12): warning C4267: 'argument': conversion from 'size_t' to 'int', possible loss of data (compiling source file ..\of_v0.11.2_vs2017_release\addons\ofxAssimpModelLoader\src\ofxAssimpModelLoader.cpp)
C:\Users\lenovo\Desktop\of_v0.11.2_vs2017_release\libs\openFrameworks\math\ofMatrix4x4.h(913,12): warning C4267: 'argument': conversion from 'size_t' to 'int', possible loss of data (compiling source file ..\of_v0.11.2_vs2017_release\addons\ofxAssimpModelLoader\src\ofxAssimpModelLoader.cpp)
C:\Users\lenovo\Desktop\of_v0.11.2_vs2017_release\libs\openFrameworks\math\ofMatrix4x4.h(914,12): warning C4267: 'argument': conversion from 'size_t' to 'int', possible loss of data (compiling source file ..\of_v0.11.2_vs2017_release\addons\ofxAssimpModelLoader\src\ofxAssimpModelLoader.cpp)
C:\Users\lenovo\Desktop\of_v0.11.2_vs2017_release\libs\openFrameworks\math\ofMatrix4x4.h(915,12): warning C4267: 'argument': conversion from 'size_t' to 'int', possible loss of data (compiling source file ..\of_v0.11.2_vs2017_release\addons\ofxAssimpModelLoader\src\ofxAssimpModelLoader.cpp)
C:\Users\lenovo\Desktop\of_v0.11.2_vs2017_release\libs\openFrameworks\math\ofMatrix4x4.h(326,1): warning C4267: 'argument': conversion from 'size_t' to 'int', possible loss of data (compiling source file ..\of_v0.11.2_vs2017_release\addons\ofxAssimpModelLoader\src\ofxAssimpMeshHelper.cpp)
C:\Users\lenovo\Desktop\of_v0.11.2_vs2017_release\libs\openFrameworks\math\ofMatrix4x4.h(331,1): warning C4267: 'argument': conversion from 'size_t' to 'int', possible loss of data (compiling source file ..\of_v0.11.2_vs2017_release\addons\ofxAssimpModelLoader\src\ofxAssimpMeshHelper.cpp)
C:\Users\lenovo\Desktop\of_v0.11.2_vs2017_release\libs\openFrameworks\math\ofMatrix4x4.h(912,12): warning C4267: 'argument': conversion from 'size_t' to 'int', possible loss of data (compiling source file ..\of_v0.11.2_vs2017_release\addons\ofxAssimpModelLoader\src\ofxAssimpMeshHelper.cpp)
C:\Users\lenovo\Desktop\of_v0.11.2_vs2017_release\libs\openFrameworks\math\ofMatrix4x4.h(913,12): warning C4267: 'argument': conversion from 'size_t' to 'int', possible loss of data (compiling source file ..\of_v0.11.2_vs2017_release\addons\ofxAssimpModelLoader\src\ofxAssimpMeshHelper.cpp)
C:\Users\lenovo\Desktop\of_v0.11.2_vs2017_release\libs\openFrameworks\math\ofMatrix4x4.h(914,12): warning C4267: 'argument': conversion from 'size_t' to 'int', possible loss of data (compiling source file ..\of_v0.11.2_vs2017_release\addons\ofxAssimpModelLoader\src\ofxAssimpMeshHelper.cpp)
C:\Users\lenovo\Desktop\of_v0.11.2_vs2017_release\libs\openFrameworks\math\ofMatrix4x4.h(915,12): warning C4267: 'argument': conversion from 'size_t' to 'int', possible loss of data (compiling source file ..\of_v0.11.2_vs2017_release\addons\ofxAssimpModelLoader\src\ofxAssimpMeshHelper.cpp)
C:\Users\lenovo\Desktop\of_v0.11.2_vs2017_release\addons\ofxAssimpModelLoader\src\ofxAssimpModelLoader.cpp(65,138): warning C4267: 'argument': conversion from 'size_t' to 'unsigned int', possible loss of data
C:\Users\lenovo\Desktop\of_v0.11.2_vs2017_release\addons\ofxAssimpModelLoader\src\ofxAssimpModelLoader.cpp(341,100): warning C4267: 'argument': conversion from 'size_t' to 'int', possible loss of data
C:\Users\lenovo\Desktop\of_v0.11.2_vs2017_release\addons\ofxAssimpModelLoader\src\ofxAssimpModelLoader.cpp(516,29): warning C4267: 'return': conversion from 'size_t' to 'unsigned int', possible loss of data
C:\Users\lenovo\Desktop\of_v0.11.2_vs2017_release\addons\ofxAssimpModelLoader\src\ofxAssimpModelLoader.cpp(607,30): warning C4267: 'return': conversion from 'size_t' to 'unsigned int', possible loss of data
C:\Users\lenovo\Desktop\of_v0.11.2_vs2017_release\addons\ofxAssimpModelLoader\src\ofxAssimpModelLoader.cpp(687,49): warning C4267: 'initializing': conversion from 'size_t' to 'int', possible loss of data
C:\Users\lenovo\Desktop\of_v0.11.2_vs2017_release\addons\ofxAssimpModelLoader\src\ofxAssimpModelLoader.cpp(759,63): warning C4267: 'argument': conversion from 'size_t' to 'int', possible loss of data
C:\Users\lenovo\Desktop\of_v0.11.2_vs2017_release\addons\ofxAssimpModelLoader\src\ofxAssimpModelLoader.cpp(981,24): warning C4267: 'return': conversion from 'size_t' to 'int', possible loss of data
  ofxBaseGui.cpp
  ofxButton.cpp
  ofxColorPicker.cpp
  ofxGuiGroup.cpp
  ofxInputField.cpp
  ofxLabel.cpp
  ofxPanel.cpp
  ofxSlider.cpp
  Info: Boost.Config is older than your compiler version - probably nothing bad will happen - but you may wish to look for an update Boost version.  Define BOOST_CONFIG_SUPPRESS_OUTDATED_MESSAGE to suppress this message.
  Info: Boost.Config is older than your compiler version - probably nothing bad will happen - but you may wish to look for an update Boost version.  Define BOOST_CONFIG_SUPPRESS_OUTDATED_MESSAGE to suppress this message.
  Info: Boost.Config is older than your compiler version - probably nothing bad will happen - but you may wish to look for an update Boost version.  Define BOOST_CONFIG_SUPPRESS_OUTDATED_MESSAGE to suppress this message.
  Info: Boost.Config is older than your compiler version - probably nothing bad will happen - but you may wish to look for an update Boost version.  Define BOOST_CONFIG_SUPPRESS_OUTDATED_MESSAGE to suppress this message.
  Info: Boost.Config is older than your compiler version - probably nothing bad will happen - but you may wish to look for an update Boost version.  Define BOOST_CONFIG_SUPPRESS_OUTDATED_MESSAGE to suppress this message.
  Info: Boost.Config is older than your compiler version - probably nothing bad will happen - but you may wish to look for an update Boost version.  Define BOOST_CONFIG_SUPPRESS_OUTDATED_MESSAGE to suppress this message.
  Info: Boost.Config is older than your compiler version - probably nothing bad will happen - but you may wish to look for an update Boost version.  Define BOOST_CONFIG_SUPPRESS_OUTDATED_MESSAGE to suppress this message.
  Info: Boost.Config is older than your compiler version - probably nothing bad will happen - but you may wish to look for an update Boost version.  Define BOOST_CONFIG_SUPPRESS_OUTDATED_MESSAGE to suppress this message.
C:\Users\lenovo\Desktop\of_v0.11.2_vs2017_release\libs\openFrameworks\math\ofMatrix4x4.h(326,1): warning C4267: 'argument': conversion from 'size_t' to 'int', possible loss of data (compiling source file ..\of_v0.11.2_vs2017_release\addons\ofxGui\src\ofxBaseGui.cpp)
C:\Users\lenovo\Desktop\of_v0.11.2_vs2017_release\libs\openFrameworks\math\ofMatrix4x4.h(331,1): warning C4267: 'argument': conversion from 'size_t' to 'int', possible loss of data (compiling source file ..\of_v0.11.2_vs2017_release\addons\ofxGui\src\ofxBaseGui.cpp)
C:\Users\lenovo\Desktop\of_v0.11.2_vs2017_release\libs\openFrameworks\math\ofMatrix4x4.h(912,12): warning C4267: 'argument': conversion from 'size_t' to 'int', possible loss of data (compiling source file ..\of_v0.11.2_vs2017_release\addons\ofxGui\src\ofxBaseGui.cpp)
C:\Users\lenovo\Desktop\of_v0.11.2_vs2017_release\libs\openFrameworks\math\ofMatrix4x4.h(913,12): warning C4267: 'argument': conversion from 'size_t' to 'int', possible loss of data (compiling source file ..\of_v0.11.2_vs2017_release\addons\ofxGui\src\ofxBaseGui.cpp)
C:\Users\lenovo\Desktop\of_v0.11.2_vs2017_release\libs\openFrameworks\math\ofMatrix4x4.h(914,12): warning C4267: 'argument': conversion from 'size_t' to 'int', possible loss of data (compiling source file ..\of_v0.11.2_vs2017_release\addons\ofxGui\src\ofxBaseGui.cpp)
C:\Users\lenovo\Desktop\of_v0.11.2_vs2017_release\libs\openFrameworks\math\ofMatrix4x4.h(915,12): warning C4267: 'argument': conversion from 'size_t' to 'int', possible loss of data (compiling source file ..\of_v0.11.2_vs2017_release\addons\ofxGui\src\ofxBaseGui.cpp)
C:\Users\lenovo\Desktop\of_v0.11.2_vs2017_release\libs\openFrameworks\math\ofMatrix4x4.h(326,1): warning C4267: 'argument': conversion from 'size_t' to 'int', possible loss of data (compiling source file ..\of_v0.11.2_vs2017_release\addons\ofxGui\src\ofxInputField.cpp)
C:\Users\lenovo\Desktop\of_v0.11.2_vs2017_release\libs\openFrameworks\math\ofMatrix4x4.h(331,1): warning C4267: 'argument': conversion from 'size_t' to 'int', possible loss of data (compiling source file ..\of_v0.11.2_vs2017_release\addons\ofxGui\src\ofxInputField.cpp)
C:\Users\lenovo\Desktop\of_v0.11.2_vs2017_release\libs\openFrameworks\math\ofMatrix4x4.h(912,12): warning C4267: 'argument': conversion from 'size_t' to 'int', possible loss of data (compiling source file ..\of_v0.11.2_vs2017_release\addons\ofxGui\src\ofxInputField.cpp)
C:\Users\lenovo\Desktop\of_v0.11.2_vs2017_release\libs\openFrameworks\math\ofMatrix4x4.h(913,12): warning C4267: 'argument': conversion from 'size_t' to 'int', possible loss of data (compiling source file ..\of_v0.11.2_vs2017_release\addons\ofxGui\src\ofxInputField.cpp)
C:\Users\lenovo\Desktop\of_v0.11.2_vs2017_release\libs\openFrameworks\math\ofMatrix4x4.h(914,12): warning C4267: 'argument': conversion from 'size_t' to 'int', possible loss of data (compiling source file ..\of_v0.11.2_vs2017_release\addons\ofxGui\src\ofxInputField.cpp)
C:\Users\lenovo\Desktop\of_v0.11.2_vs2017_release\libs\openFrameworks\math\ofMatrix4x4.h(915,12): warning C4267: 'argument': conversion from 'size_t' to 'int', possible loss of data (compiling source file ..\of_v0.11.2_vs2017_release\addons\ofxGui\src\ofxInputField.cpp)
C:\Users\lenovo\Desktop\of_v0.11.2_vs2017_release\libs\openFrameworks\math\ofMatrix4x4.h(326,1): warning C4267: 'argument': conversion from 'size_t' to 'int', possible loss of data (compiling source file ..\of_v0.11.2_vs2017_release\addons\ofxGui\src\ofxButton.cpp)
C:\Users\lenovo\Desktop\of_v0.11.2_vs2017_release\libs\openFrameworks\math\ofMatrix4x4.h(331,1): warning C4267: 'argument': conversion from 'size_t' to 'int', possible loss of data (compiling source file ..\of_v0.11.2_vs2017_release\addons\ofxGui\src\ofxButton.cpp)
C:\Users\lenovo\Desktop\of_v0.11.2_vs2017_release\libs\openFrameworks\math\ofMatrix4x4.h(912,12): warning C4267: 'argument': conversion from 'size_t' to 'int', possible loss of data (compiling source file ..\of_v0.11.2_vs2017_release\addons\ofxGui\src\ofxButton.cpp)
C:\Users\lenovo\Desktop\of_v0.11.2_vs2017_release\libs\openFrameworks\math\ofMatrix4x4.h(913,12): warning C4267: 'argument': conversion from 'size_t' to 'int', possible loss of data (compiling source file ..\of_v0.11.2_vs2017_release\addons\ofxGui\src\ofxButton.cpp)
C:\Users\lenovo\Desktop\of_v0.11.2_vs2017_release\libs\openFrameworks\math\ofMatrix4x4.h(914,12): warning C4267: 'argument': conversion from 'size_t' to 'int', possible loss of data (compiling source file ..\of_v0.11.2_vs2017_release\addons\ofxGui\src\ofxButton.cpp)
C:\Users\lenovo\Desktop\of_v0.11.2_vs2017_release\libs\openFrameworks\math\ofMatrix4x4.h(915,12): warning C4267: 'argument': conversion from 'size_t' to 'int', possible loss of data (compiling source file ..\of_v0.11.2_vs2017_release\addons\ofxGui\src\ofxButton.cpp)
C:\Users\lenovo\Desktop\of_v0.11.2_vs2017_release\libs\openFrameworks\math\ofMatrix4x4.h(326,1): warning C4267: 'argument': conversion from 'size_t' to 'int', possible loss of data (compiling source file ..\of_v0.11.2_vs2017_release\addons\ofxGui\src\ofxPanel.cpp)
C:\Users\lenovo\Desktop\of_v0.11.2_vs2017_release\libs\openFrameworks\math\ofMatrix4x4.h(331,1): warning C4267: 'argument': conversion from 'size_t' to 'int', possible loss of data (compiling source file ..\of_v0.11.2_vs2017_release\addons\ofxGui\src\ofxPanel.cpp)
C:\Users\lenovo\Desktop\of_v0.11.2_vs2017_release\libs\openFrameworks\math\ofMatrix4x4.h(912,12): warning C4267: 'argument': conversion from 'size_t' to 'int', possible loss of data (compiling source file ..\of_v0.11.2_vs2017_release\addons\ofxGui\src\ofxPanel.cpp)
C:\Users\lenovo\Desktop\of_v0.11.2_vs2017_release\libs\openFrameworks\math\ofMatrix4x4.h(913,12): warning C4267: 'argument': conversion from 'size_t' to 'int', possible loss of data (compiling source file ..\of_v0.11.2_vs2017_release\addons\ofxGui\src\ofxPanel.cpp)
C:\Users\lenovo\Desktop\of_v0.11.2_vs2017_release\libs\openFrameworks\math\ofMatrix4x4.h(914,12): warning C4267: 'argument': conversion from 'size_t' to 'int', possible loss of data (compiling source file ..\of_v0.11.2_vs2017_release\addons\ofxGui\src\ofxPanel.cpp)
C:\Users\lenovo\Desktop\of_v0.11.2_vs2017_release\libs\openFrameworks\math\ofMatrix4x4.h(915,12): warning C4267: 'argument': conversion from 'size_t' to 'int', possible loss of data (compiling source file ..\of_v0.11.2_vs2017_release\addons\ofxGui\src\ofxPanel.cpp)
C:\Users\lenovo\Desktop\of_v0.11.2_vs2017_release\libs\openFrameworks\math\ofMatrix4x4.h(326,1): warning C4267: 'argument': conversion from 'size_t' to 'int', possible loss of data (compiling source file ..\of_v0.11.2_vs2017_release\addons\ofxGui\src\ofxColorPicker.cpp)
C:\Users\lenovo\Desktop\of_v0.11.2_vs2017_release\libs\openFrameworks\math\ofMatrix4x4.h(331,1): warning C4267: 'argument': conversion from 'size_t' to 'int', possible loss of data (compiling source file ..\of_v0.11.2_vs2017_release\addons\ofxGui\src\ofxColorPicker.cpp)
C:\Users\lenovo\Desktop\of_v0.11.2_vs2017_release\libs\openFrameworks\math\ofMatrix4x4.h(912,12): warning C4267: 'argument': conversion from 'size_t' to 'int', possible loss of data (compiling source file ..\of_v0.11.2_vs2017_release\addons\ofxGui\src\ofxColorPicker.cpp)
C:\Users\lenovo\Desktop\of_v0.11.2_vs2017_release\libs\openFrameworks\math\ofMatrix4x4.h(913,12): warning C4267: 'argument': conversion from 'size_t' to 'int', possible loss of data (compiling source file ..\of_v0.11.2_vs2017_release\addons\ofxGui\src\ofxColorPicker.cpp)
C:\Users\lenovo\Desktop\of_v0.11.2_vs2017_release\libs\openFrameworks\math\ofMatrix4x4.h(914,12): warning C4267: 'argument': conversion from 'size_t' to 'int', possible loss of data (compiling source file ..\of_v0.11.2_vs2017_release\addons\ofxGui\src\ofxColorPicker.cpp)
C:\Users\lenovo\Desktop\of_v0.11.2_vs2017_release\libs\openFrameworks\math\ofMatrix4x4.h(915,12): warning C4267: 'argument': conversion from 'size_t' to 'int', possible loss of data (compiling source file ..\of_v0.11.2_vs2017_release\addons\ofxGui\src\ofxColorPicker.cpp)
C:\Users\lenovo\Desktop\of_v0.11.2_vs2017_release\libs\openFrameworks\math\ofMatrix4x4.h(326,1): warning C4267: 'argument': conversion from 'size_t' to 'int', possible loss of data (compiling source file ..\of_v0.11.2_vs2017_release\addons\ofxGui\src\ofxGuiGroup.cpp)
C:\Users\lenovo\Desktop\of_v0.11.2_vs2017_release\libs\openFrameworks\math\ofMatrix4x4.h(331,1): warning C4267: 'argument': conversion from 'size_t' to 'int', possible loss of data (compiling source file ..\of_v0.11.2_vs2017_release\addons\ofxGui\src\ofxGuiGroup.cpp)
C:\Users\lenovo\Desktop\of_v0.11.2_vs2017_release\libs\openFrameworks\math\ofMatrix4x4.h(912,12): warning C4267: 'argument': conversion from 'size_t' to 'int', possible loss of data (compiling source file ..\of_v0.11.2_vs2017_release\addons\ofxGui\src\ofxGuiGroup.cpp)
C:\Users\lenovo\Desktop\of_v0.11.2_vs2017_release\libs\openFrameworks\math\ofMatrix4x4.h(913,12): warning C4267: 'argument': conversion from 'size_t' to 'int', possible loss of data (compiling source file ..\of_v0.11.2_vs2017_release\addons\ofxGui\src\ofxGuiGroup.cpp)
C:\Users\lenovo\Desktop\of_v0.11.2_vs2017_release\libs\openFrameworks\math\ofMatrix4x4.h(914,12): warning C4267: 'argument': conversion from 'size_t' to 'int', possible loss of data (compiling source file ..\of_v0.11.2_vs2017_release\addons\ofxGui\src\ofxGuiGroup.cpp)
C:\Users\lenovo\Desktop\of_v0.11.2_vs2017_release\libs\openFrameworks\math\ofMatrix4x4.h(915,12): warning C4267: 'argument': conversion from 'size_t' to 'int', possible loss of data (compiling source file ..\of_v0.11.2_vs2017_release\addons\ofxGui\src\ofxGuiGroup.cpp)
C:\Users\lenovo\Desktop\of_v0.11.2_vs2017_release\libs\openFrameworks\math\ofMatrix4x4.h(326,1): warning C4267: 'argument': conversion from 'size_t' to 'int', possible loss of data (compiling source file ..\of_v0.11.2_vs2017_release\addons\ofxGui\src\ofxLabel.cpp)
C:\Users\lenovo\Desktop\of_v0.11.2_vs2017_release\libs\openFrameworks\math\ofMatrix4x4.h(331,1): warning C4267: 'argument': conversion from 'size_t' to 'int', possible loss of data (compiling source file ..\of_v0.11.2_vs2017_release\addons\ofxGui\src\ofxLabel.cpp)
C:\Users\lenovo\Desktop\of_v0.11.2_vs2017_release\libs\openFrameworks\math\ofMatrix4x4.h(912,12): warning C4267: 'argument': conversion from 'size_t' to 'int', possible loss of data (compiling source file ..\of_v0.11.2_vs2017_release\addons\ofxGui\src\ofxLabel.cpp)
C:\Users\lenovo\Desktop\of_v0.11.2_vs2017_release\libs\openFrameworks\math\ofMatrix4x4.h(913,12): warning C4267: 'argument': conversion from 'size_t' to 'int', possible loss of data (compiling source file ..\of_v0.11.2_vs2017_release\addons\ofxGui\src\ofxLabel.cpp)
C:\Users\lenovo\Desktop\of_v0.11.2_vs2017_release\libs\openFrameworks\math\ofMatrix4x4.h(914,12): warning C4267: 'argument': conversion from 'size_t' to 'int', possible loss of data (compiling source file ..\of_v0.11.2_vs2017_release\addons\ofxGui\src\ofxLabel.cpp)
C:\Users\lenovo\Desktop\of_v0.11.2_vs2017_release\libs\openFrameworks\math\ofMatrix4x4.h(915,12): warning C4267: 'argument': conversion from 'size_t' to 'int', possible loss of data (compiling source file ..\of_v0.11.2_vs2017_release\addons\ofxGui\src\ofxLabel.cpp)
C:\Users\lenovo\Desktop\of_v0.11.2_vs2017_release\libs\openFrameworks\math\ofMatrix4x4.h(326,1): warning C4267: 'argument': conversion from 'size_t' to 'int', possible loss of data (compiling source file ..\of_v0.11.2_vs2017_release\addons\ofxGui\src\ofxSlider.cpp)
C:\Users\lenovo\Desktop\of_v0.11.2_vs2017_release\libs\openFrameworks\math\ofMatrix4x4.h(331,1): warning C4267: 'argument': conversion from 'size_t' to 'int', possible loss of data (compiling source file ..\of_v0.11.2_vs2017_release\addons\ofxGui\src\ofxSlider.cpp)
C:\Users\lenovo\Desktop\of_v0.11.2_vs2017_release\libs\openFrameworks\math\ofMatrix4x4.h(912,12): warning C4267: 'argument': conversion from 'size_t' to 'int', possible loss of data (compiling source file ..\of_v0.11.2_vs2017_release\addons\ofxGui\src\ofxSlider.cpp)
C:\Users\lenovo\Desktop\of_v0.11.2_vs2017_release\libs\openFrameworks\math\ofMatrix4x4.h(913,12): warning C4267: 'argument': conversion from 'size_t' to 'int', possible loss of data (compiling source file ..\of_v0.11.2_vs2017_release\addons\ofxGui\src\ofxSlider.cpp)
C:\Users\lenovo\Desktop\of_v0.11.2_vs2017_release\libs\openFrameworks\math\ofMatrix4x4.h(914,12): warning C4267: 'argument': conversion from 'size_t' to 'int', possible loss of data (compiling source file ..\of_v0.11.2_vs2017_release\addons\ofxGui\src\ofxSlider.cpp)
C:\Users\lenovo\Desktop\of_v0.11.2_vs2017_release\libs\openFrameworks\math\ofMatrix4x4.h(915,12): warning C4267: 'argument': conversion from 'size_t' to 'int', possible loss of data (compiling source file ..\of_v0.11.2_vs2017_release\addons\ofxGui\src\ofxSlider.cpp)
C:\Users\lenovo\Desktop\of_v0.11.2_vs2017_release\addons\ofxGui\src\ofxInputField.cpp(370,1): warning C4267: 'argument': conversion from 'size_t' to 'int', possible loss of data
C:\Users\lenovo\Desktop\of_v0.11.2_vs2017_release\addons\ofxGui\src\ofxInputField.cpp(352): message : while compiling class template member function 'bool ofxInputField<float>::mousePressed(ofMouseEventArgs &)'
C:\Users\lenovo\Desktop\of_v0.11.2_vs2017_release\addons\ofxGui\src\ofxInputField.cpp(805): message : see reference to class template instantiation 'ofxInputField<float>' being compiled
C:\Users\lenovo\Desktop\of_v0.11.2_vs2017_release\addons\ofxGui\src\ofxInputField.cpp(531,1): warning C4267: 'argument': conversion from 'size_t' to 'int', possible loss of data
C:\Users\lenovo\Desktop\of_v0.11.2_vs2017_release\addons\ofxGui\src\ofxInputField.cpp(472): message : while compiling class template member function 'bool ofxInputField<float>::keyPressed(ofKeyEventArgs &)'
C:\Users\lenovo\Desktop\of_v0.11.2_vs2017_release\addons\ofxGui\src\ofxColorPicker.cpp(215,1): warning C4267: 'argument': conversion from 'size_t' to 'int', possible loss of data
C:\Users\lenovo\Desktop\of_v0.11.2_vs2017_release\addons\ofxGui\src\ofxColorPicker.cpp(194): message : while compiling class template member function 'ofMesh ofxColorPicker_<unsigned char>::getColorPoint(void)'
C:\Users\lenovo\Desktop\of_v0.11.2_vs2017_release\addons\ofxGui\src\ofxColorPicker.cpp(486): message : see reference to function template instantiation 'ofMesh ofxColorPicker_<unsigned char>::getColorPoint(void)' being compiled
C:\Users\lenovo\Desktop\of_v0.11.2_vs2017_release\addons\ofxGui\src\ofxColorPicker.cpp(491): message : see reference to class template instantiation 'ofxColorPicker_<unsigned char>' being compiled
C:\Users\lenovo\Desktop\of_v0.11.2_vs2017_release\addons\ofxGui\src\ofxColorPicker.cpp(216,1): warning C4267: 'argument': conversion from 'size_t' to 'int', possible loss of data
C:\Users\lenovo\Desktop\of_v0.11.2_vs2017_release\addons\ofxGui\src\ofxColorPicker.cpp(225,1): warning C4267: 'argument': conversion from 'size_t' to 'int', possible loss of data
C:\Users\lenovo\Desktop\of_v0.11.2_vs2017_release\addons\ofxGui\src\ofxInputField.cpp(558,1): warning C4267: 'argument': conversion from 'size_t' to 'int', possible loss of data
C:\Users\lenovo\Desktop\of_v0.11.2_vs2017_release\addons\ofxGui\src\ofxInputField.cpp(560,1): warning C4267: 'argument': conversion from 'size_t' to 'int', possible loss of data
C:\Users\lenovo\Desktop\of_v0.11.2_vs2017_release\addons\ofxGui\src\ofxColorPicker.cpp(226,1): warning C4267: 'argument': conversion from 'size_t' to 'int', possible loss of data
C:\Users\lenovo\Desktop\of_v0.11.2_vs2017_release\addons\ofxGui\src\ofxInputField.cpp(776,1): warning C4267: 'argument': conversion from 'size_t' to 'int', possible loss of data
C:\Users\lenovo\Desktop\of_v0.11.2_vs2017_release\addons\ofxGui\src\ofxInputField.cpp(773): message : while compiling class template member function 'void ofxInputField<float>::valueChanged(Type &)'
          with
          [
              Type=float
          ]
C:\Users\lenovo\Desktop\of_v0.11.2_vs2017_release\addons\ofxGui\src\ofxInputField.cpp(148): message : see reference to function template instantiation 'void ofxInputField<float>::valueChanged(Type &)' being compiled
          with
          [
              Type=float
          ]
C:\Users\lenovo\Desktop\of_v0.11.2_vs2017_release\addons\ofxGui\src\ofxColorPicker.cpp(245,1): warning C4267: 'argument': conversion from 'size_t' to 'int', possible loss of data
C:\Users\lenovo\Desktop\of_v0.11.2_vs2017_release\addons\ofxGui\src\ofxColorPicker.cpp(236): message : while compiling class template member function 'ofMesh ofxColorPicker_<unsigned char>::getColorWheel(void)'
C:\Users\lenovo\Desktop\of_v0.11.2_vs2017_release\addons\ofxGui\src\ofxColorPicker.cpp(485): message : see reference to function template instantiation 'ofMesh ofxColorPicker_<unsigned char>::getColorWheel(void)' being compiled
C:\Users\lenovo\Desktop\of_v0.11.2_vs2017_release\addons\ofxGui\src\ofxColorPicker.cpp(246,1): warning C4267: 'argument': conversion from 'size_t' to 'int', possible loss of data
C:\Users\lenovo\Desktop\of_v0.11.2_vs2017_release\libs\openFrameworks\graphics\ofPolyline.inl(409,1): warning C4267: '=': conversion from 'size_t' to 'int', possible loss of data (compiling source file ..\of_v0.11.2_vs2017_release\addons\ofxGui\src\ofxColorPicker.cpp)
C:\Users\lenovo\Desktop\of_v0.11.2_vs2017_release\libs\openFrameworks\graphics\ofPolyline.inl(331): message : while compiling class template member function 'void ofPolyline_<ofDefaultVertexType>::arc(const T &,float,float,float,float,bool,int)'
          with
          [
              T=ofDefaultVertexType
          ] (compiling source file ..\of_v0.11.2_vs2017_release\addons\ofxGui\src\ofxColorPicker.cpp)
C:\Users\lenovo\Desktop\of_v0.11.2_vs2017_release\addons\ofxGui\src\ofxColorPicker.cpp(208): message : see reference to function template instantiation 'void ofPolyline_<ofDefaultVertexType>::arc(const T &,float,float,float,float,bool,int)' being compiled
          with
          [
              T=ofDefaultVertexType
          ]
C:\Users\lenovo\Desktop\of_v0.11.2_vs2017_release\addons\ofxGui\src\ofxColorPicker.cpp(194): message : while compiling class template member function 'ofMesh ofxColorPicker_<unsigned char>::getColorPoint(void)'
C:\Users\lenovo\Desktop\of_v0.11.2_vs2017_release\addons\ofxGui\src\ofxColorPicker.cpp(486): message : see reference to function template instantiation 'ofMesh ofxColorPicker_<unsigned char>::getColorPoint(void)' being compiled
  ofxSliderGroup.cpp
  ofxToggle.cpp
  Info: Boost.Config is older than your compiler version - probably nothing bad will happen - but you may wish to look for an update Boost version.  Define BOOST_CONFIG_SUPPRESS_OUTDATED_MESSAGE to suppress this message.
  Info: Boost.Config is older than your compiler version - probably nothing bad will happen - but you may wish to look for an update Boost version.  Define BOOST_CONFIG_SUPPRESS_OUTDATED_MESSAGE to suppress this message.
C:\Users\lenovo\Desktop\of_v0.11.2_vs2017_release\libs\openFrameworks\math\ofMatrix4x4.h(326,1): warning C4267: 'argument': conversion from 'size_t' to 'int', possible loss of data (compiling source file ..\of_v0.11.2_vs2017_release\addons\ofxGui\src\ofxSliderGroup.cpp)
C:\Users\lenovo\Desktop\of_v0.11.2_vs2017_release\libs\openFrameworks\math\ofMatrix4x4.h(331,1): warning C4267: 'argument': conversion from 'size_t' to 'int', possible loss of data (compiling source file ..\of_v0.11.2_vs2017_release\addons\ofxGui\src\ofxSliderGroup.cpp)
C:\Users\lenovo\Desktop\of_v0.11.2_vs2017_release\libs\openFrameworks\math\ofMatrix4x4.h(912,12): warning C4267: 'argument': conversion from 'size_t' to 'int', possible loss of data (compiling source file ..\of_v0.11.2_vs2017_release\addons\ofxGui\src\ofxSliderGroup.cpp)
C:\Users\lenovo\Desktop\of_v0.11.2_vs2017_release\libs\openFrameworks\math\ofMatrix4x4.h(913,12): warning C4267: 'argument': conversion from 'size_t' to 'int', possible loss of data (compiling source file ..\of_v0.11.2_vs2017_release\addons\ofxGui\src\ofxSliderGroup.cpp)
C:\Users\lenovo\Desktop\of_v0.11.2_vs2017_release\libs\openFrameworks\math\ofMatrix4x4.h(914,12): warning C4267: 'argument': conversion from 'size_t' to 'int', possible loss of data (compiling source file ..\of_v0.11.2_vs2017_release\addons\ofxGui\src\ofxSliderGroup.cpp)
C:\Users\lenovo\Desktop\of_v0.11.2_vs2017_release\libs\openFrameworks\math\ofMatrix4x4.h(915,12): warning C4267: 'argument': conversion from 'size_t' to 'int', possible loss of data (compiling source file ..\of_v0.11.2_vs2017_release\addons\ofxGui\src\ofxSliderGroup.cpp)
C:\Users\lenovo\Desktop\of_v0.11.2_vs2017_release\libs\openFrameworks\math\ofMatrix4x4.h(326,1): warning C4267: 'argument': conversion from 'size_t' to 'int', possible loss of data (compiling source file ..\of_v0.11.2_vs2017_release\addons\ofxGui\src\ofxToggle.cpp)
C:\Users\lenovo\Desktop\of_v0.11.2_vs2017_release\libs\openFrameworks\math\ofMatrix4x4.h(331,1): warning C4267: 'argument': conversion from 'size_t' to 'int', possible loss of data (compiling source file ..\of_v0.11.2_vs2017_release\addons\ofxGui\src\ofxToggle.cpp)
C:\Users\lenovo\Desktop\of_v0.11.2_vs2017_release\libs\openFrameworks\math\ofMatrix4x4.h(912,12): warning C4267: 'argument': conversion from 'size_t' to 'int', possible loss of data (compiling source file ..\of_v0.11.2_vs2017_release\addons\ofxGui\src\ofxToggle.cpp)
C:\Users\lenovo\Desktop\of_v0.11.2_vs2017_release\libs\openFrameworks\math\ofMatrix4x4.h(913,12): warning C4267: 'argument': conversion from 'size_t' to 'int', possible loss of data (compiling source file ..\of_v0.11.2_vs2017_release\addons\ofxGui\src\ofxToggle.cpp)
C:\Users\lenovo\Desktop\of_v0.11.2_vs2017_release\libs\openFrameworks\math\ofMatrix4x4.h(914,12): warning C4267: 'argument': conversion from 'size_t' to 'int', possible loss of data (compiling source file ..\of_v0.11.2_vs2017_release\addons\ofxGui\src\ofxToggle.cpp)
C:\Users\lenovo\Desktop\of_v0.11.2_vs2017_release\libs\openFrameworks\math\ofMatrix4x4.h(915,12): warning C4267: 'argument': conversion from 'size_t' to 'int', possible loss of data (compiling source file ..\of_v0.11.2_vs2017_release\addons\ofxGui\src\ofxToggle.cpp)
C:\Users\lenovo\Desktop\of_v0.11.2_vs2017_release\addons\ofxGui\src\ofxSliderGroup.cpp(26,1): warning C4267: 'argument': conversion from 'size_t' to 'glm::vec<3,float,glm::packed_highp>::length_type', possible loss of data
C:\Users\lenovo\Desktop\of_v0.11.2_vs2017_release\addons\ofxGui\src\ofxSliderGroup.cpp(11): message : while compiling class template member function 'ofxVecSlider_<ofDefaultVec3> *ofxVecSlider_<ofDefaultVec3>::setup(ofParameter<ofDefaultVec3>,float,float)'
C:\Users\lenovo\Desktop\of_v0.11.2_vs2017_release\addons\ofxGui\src\ofxSliderGroup.cpp(7): message : see reference to function template instantiation 'ofxVecSlider_<ofDefaultVec3> *ofxVecSlider_<ofDefaultVec3>::setup(ofParameter<ofDefaultVec3>,float,float)' being compiled
C:\Users\lenovo\Desktop\of_v0.11.2_vs2017_release\addons\ofxGui\src\ofxSliderGroup.cpp(69): message : see reference to class template instantiation 'ofxVecSlider_<ofDefaultVec3>' being compiled
C:\Users\lenovo\Desktop\of_v0.11.2_vs2017_release\addons\ofxGui\src\ofxSliderGroup.cpp(59,1): warning C4267: 'argument': conversion from 'size_t' to 'glm::vec<3,float,glm::packed_highp>::length_type', possible loss of data
C:\Users\lenovo\Desktop\of_v0.11.2_vs2017_release\addons\ofxGui\src\ofxSliderGroup.cpp(54): message : while compiling class template member function 'void ofxVecSlider_<ofDefaultVec3>::changeValue(VecType &)'
          with
          [
              VecType=ofDefaultVec3
          ]
C:\Users\lenovo\Desktop\of_v0.11.2_vs2017_release\addons\ofxGui\src\ofxSliderGroup.cpp(19): message : see reference to function template instantiation 'void ofxVecSlider_<ofDefaultVec3>::changeValue(VecType &)' being compiled
          with
          [
              VecType=ofDefaultVec3
          ]
C:\Users\lenovo\Desktop\of_v0.11.2_vs2017_release\addons\ofxGui\src\ofxSliderGroup.cpp(26,1): warning C4267: 'argument': conversion from 'size_t' to 'glm::vec<2,float,glm::packed_highp>::length_type', possible loss of data
C:\Users\lenovo\Desktop\of_v0.11.2_vs2017_release\addons\ofxGui\src\ofxSliderGroup.cpp(11): message : while compiling class template member function 'ofxVecSlider_<ofDefaultVec2> *ofxVecSlider_<ofDefaultVec2>::setup(ofParameter<ofDefaultVec2>,float,float)'
C:\Users\lenovo\Desktop\of_v0.11.2_vs2017_release\addons\ofxGui\src\ofxSliderGroup.cpp(7): message : see reference to function template instantiation 'ofxVecSlider_<ofDefaultVec2> *ofxVecSlider_<ofDefaultVec2>::setup(ofParameter<ofDefaultVec2>,float,float)' being compiled
C:\Users\lenovo\Desktop\of_v0.11.2_vs2017_release\addons\ofxGui\src\ofxSliderGroup.cpp(64): message : see reference to class template instantiation 'ofxVecSlider_<ofDefaultVec2>' being compiled
C:\Users\lenovo\Desktop\of_v0.11.2_vs2017_release\addons\ofxGui\src\ofxSliderGroup.cpp(59,1): warning C4267: 'argument': conversion from 'size_t' to 'glm::vec<2,float,glm::packed_highp>::length_type', possible loss of data
C:\Users\lenovo\Desktop\of_v0.11.2_vs2017_release\addons\ofxGui\src\ofxSliderGroup.cpp(54): message : while compiling class template member function 'void ofxVecSlider_<ofDefaultVec2>::changeValue(VecType &)'
          with
          [
              VecType=ofDefaultVec2
          ]
C:\Users\lenovo\Desktop\of_v0.11.2_vs2017_release\addons\ofxGui\src\ofxSliderGroup.cpp(19): message : see reference to function template instantiation 'void ofxVecSlider_<ofDefaultVec2>::changeValue(VecType &)' being compiled
          with
          [
              VecType=ofDefaultVec2
          ]
C:\Users\lenovo\Desktop\of_v0.11.2_vs2017_release\addons\ofxGui\src\ofxSliderGroup.cpp(26,1): warning C4267: 'argument': conversion from 'size_t' to 'glm::vec<4,float,glm::packed_highp>::length_type', possible loss of data
C:\Users\lenovo\Desktop\of_v0.11.2_vs2017_release\addons\ofxGui\src\ofxSliderGroup.cpp(11): message : while compiling class template member function 'ofxVecSlider_<ofDefaultVec4> *ofxVecSlider_<ofDefaultVec4>::setup(ofParameter<ofDefaultVec4>,float,float)'
C:\Users\lenovo\Desktop\of_v0.11.2_vs2017_release\addons\ofxGui\src\ofxSliderGroup.cpp(7): message : see reference to function template instantiation 'ofxVecSlider_<ofDefaultVec4> *ofxVecSlider_<ofDefaultVec4>::setup(ofParameter<ofDefaultVec4>,float,float)' being compiled
C:\Users\lenovo\Desktop\of_v0.11.2_vs2017_release\addons\ofxGui\src\ofxSliderGroup.cpp(74): message : see reference to class template instantiation 'ofxVecSlider_<ofDefaultVec4>' being compiled
C:\Users\lenovo\Desktop\of_v0.11.2_vs2017_release\addons\ofxGui\src\ofxSliderGroup.cpp(59,1): warning C4267: 'argument': conversion from 'size_t' to 'glm::vec<4,float,glm::packed_highp>::length_type', possible loss of data
C:\Users\lenovo\Desktop\of_v0.11.2_vs2017_release\addons\ofxGui\src\ofxSliderGroup.cpp(54): message : while compiling class template member function 'void ofxVecSlider_<ofDefaultVec4>::changeValue(VecType &)'
          with
          [
              VecType=ofDefaultVec4
          ]
C:\Users\lenovo\Desktop\of_v0.11.2_vs2017_release\addons\ofxGui\src\ofxSliderGroup.cpp(19): message : see reference to function template instantiation 'void ofxVecSlider_<ofDefaultVec4>::changeValue(VecType &)' being compiled
          with
          [
              VecType=ofDefaultVec4
          ]
C:\Users\lenovo\Desktop\of_v0.11.2_vs2017_release\addons\ofxGui\src\ofxSliderGroup.cpp(26,1): warning C4267: 'argument': conversion from 'size_t' to 'int', possible loss of data
C:\Users\lenovo\Desktop\of_v0.11.2_vs2017_release\addons\ofxGui\src\ofxSliderGroup.cpp(11): message : while compiling class template member function 'ofxVecSlider_<ofVec2f> *ofxVecSlider_<ofVec2f>::setup(ofParameter<ofVec2f>,float,float)'
C:\Users\lenovo\Desktop\of_v0.11.2_vs2017_release\addons\ofxGui\src\ofxSliderGroup.cpp(7): message : see reference to function template instantiation 'ofxVecSlider_<ofVec2f> *ofxVecSlider_<ofVec2f>::setup(ofParameter<ofVec2f>,float,float)' being compiled
C:\Users\lenovo\Desktop\of_v0.11.2_vs2017_release\addons\ofxGui\src\ofxSliderGroup.cpp(79): message : see reference to class template instantiation 'ofxVecSlider_<ofVec2f>' being compiled
C:\Users\lenovo\Desktop\of_v0.11.2_vs2017_release\addons\ofxGui\src\ofxSliderGroup.cpp(59,1): warning C4267: 'argument': conversion from 'size_t' to 'int', possible loss of data
C:\Users\lenovo\Desktop\of_v0.11.2_vs2017_release\addons\ofxGui\src\ofxSliderGroup.cpp(54): message : while compiling class template member function 'void ofxVecSlider_<ofVec2f>::changeValue(VecType &)'
          with
          [
              VecType=ofVec2f
          ]
C:\Users\lenovo\Desktop\of_v0.11.2_vs2017_release\addons\ofxGui\src\ofxSliderGroup.cpp(19): message : see reference to function template instantiation 'void ofxVecSlider_<ofVec2f>::changeValue(VecType &)' being compiled
          with
          [
              VecType=ofVec2f
          ]
     Creating library bin\FakeGL_debug.lib and object bin\FakeGL_debug.exp
  BadGL.vcxproj -> C:\Users\lenovo\Desktop\BadGL\bin\FakeGL_debug.exe
  
  	                   2	C:\Users\lenovo\Desktop\of_v0.11.2_vs2017_release\libs\fmod\lib\vs\x64\
  	  *File supplementare		 3385856	C:\Users\lenovo\Desktop\BadGL\bin\assimp32.dll
  	  *File supplementare		 4161536	C:\Users\lenovo\Desktop\BadGL\bin\assimp64.dll
  	  *File supplementare		 6942208	C:\Users\lenovo\Desktop\BadGL\bin\FreeImage.dll
  
  	                   1	C:\Users\lenovo\Desktop\of_v0.11.2_vs2017_release\libs\FreeImage\lib\vs\x64\
  	  *File supplementare		 3385856	C:\Users\lenovo\Desktop\BadGL\bin\assimp32.dll
  	  *File supplementare		 4161536	C:\Users\lenovo\Desktop\BadGL\bin\assimp64.dll
  	  *File supplementare		 1826304	C:\Users\lenovo\Desktop\BadGL\bin\fmod.dll
  	  *File supplementare		 2041856	C:\Users\lenovo\Desktop\BadGL\bin\fmodL.dll
